\BOOKMARK [1][-]{Doc-Start}{Abbildungsverzeichnis}{}% 1
\BOOKMARK [1][-]{Doc-Start}{Tabellenverzeichnis}{}% 2
\BOOKMARK [1][-]{Doc-Start}{Abk\374rzungsverzeichnis}{}% 3
\BOOKMARK [1][-]{section.1}{Einleitung}{}% 4
\BOOKMARK [2][-]{subsection.1.1}{\(}{section.1}% 5
\BOOKMARK [2][-]{subsection.1.2}{\(}{section.1}% 6
\BOOKMARK [2][-]{subsection.1.3}{\(}{section.1}% 7
\BOOKMARK [2][-]{subsection.1.4}{\(}{section.1}% 8
\BOOKMARK [2][-]{subsection.1.5}{\(}{section.1}% 9
\BOOKMARK [1][-]{section.2}{Konzept}{}% 10
\BOOKMARK [2][-]{subsection.2.1}{Trainingsraum}{section.2}% 11
\BOOKMARK [2][-]{subsection.2.2}{Design}{section.2}% 12
\BOOKMARK [2][-]{subsection.2.3}{Backend}{section.2}% 13
\BOOKMARK [2][-]{subsection.2.4}{Frontends}{section.2}% 14
\BOOKMARK [3][-]{subsubsection.2.4.1}{Native}{subsection.2.4}% 15
\BOOKMARK [3][-]{subsubsection.2.4.2}{Web}{subsection.2.4}% 16
\BOOKMARK [3][-]{subsubsection.2.4.3}{Framework}{subsection.2.4}% 17
\BOOKMARK [3][-]{subsubsection.2.4.4}{Mobile}{subsection.2.4}% 18
\BOOKMARK [1][-]{section.3}{Grundlagen}{}% 19
\BOOKMARK [2][-]{subsection.3.1}{Rest}{section.3}% 20
\BOOKMARK [2][-]{subsection.3.2}{Spring}{section.3}% 21
\BOOKMARK [3][-]{subsubsection.3.2.1}{Spring Boot}{subsection.3.2}% 22
\BOOKMARK [2][-]{subsection.3.3}{Windows Forms}{section.3}% 23
\BOOKMARK [3][-]{subsubsection.3.3.1}{.Net Bibliothek}{subsection.3.3}% 24
\BOOKMARK [2][-]{subsection.3.4}{Web}{section.3}% 25
\BOOKMARK [2][-]{subsection.3.5}{Mobile}{section.3}% 26
\BOOKMARK [1][-]{section.4}{Literaturverzeichnis}{}% 27
